2022-03-28T22:57:12+00:00 CRITICAL Uncaught Error: Call to undefined function get_related_custom() in C:\OpenServer\domains\localhost\final-wayup\wp-content\themes\womazing\woocommerce\content-single-product.php:152
Stack trace:
#0 C:\OpenServer\domains\localhost\final-wayup\wp-includes\template.php(772): require()
#1 C:\OpenServer\domains\localhost\final-wayup\wp-content\plugins\woocommerce\includes\wc-core-functions.php(284): load_template()
#2 C:\OpenServer\domains\localhost\final-wayup\wp-content\plugins\woocommerce\templates\single-product.php(37): wc_get_template_part()
#3 C:\OpenServer\domains\localhost\final-wayup\wp-includes\template-loader.php(106): include('C:\\OpenServer\\d...')
#4 C:\OpenServer\domains\localhost\final-wayup\wp-blog-header.php(19): require_once('C:\\OpenServer\\d...')
#5 C:\OpenServer\domains\localhost\final-wayup\index.php(17): require('C:\\OpenServer\\d...')
#6 {main}
  thrown в C:\OpenServer\domains\localhost\final-wayup\wp-content\themes\womazing\woocommerce\content-single-product.php на строке 152

2022-03-28T22:57:18+00:00 CRITICAL Uncaught Error: Call to undefined function get_related_custom() in C:\OpenServer\domains\localhost\final-wayup\wp-content\themes\womazing\woocommerce\content-single-product.php:152
Stack trace:
#0 C:\OpenServer\domains\localhost\final-wayup\wp-includes\template.php(772): require()
#1 C:\OpenServer\domains\localhost\final-wayup\wp-content\plugins\woocommerce\includes\wc-core-functions.php(284): load_template()
#2 C:\OpenServer\domains\localhost\final-wayup\wp-content\plugins\woocommerce\templates\single-product.php(37): wc_get_template_part()
#3 C:\OpenServer\domains\localhost\final-wayup\wp-includes\template-loader.php(106): include('C:\\OpenServer\\d...')
#4 C:\OpenServer\domains\localhost\final-wayup\wp-blog-header.php(19): require_once('C:\\OpenServer\\d...')
#5 C:\OpenServer\domains\localhost\final-wayup\index.php(17): require('C:\\OpenServer\\d...')
#6 {main}
  thrown в C:\OpenServer\domains\localhost\final-wayup\wp-content\themes\womazing\woocommerce\content-single-product.php на строке 152

2022-03-28T22:57:29+00:00 CRITICAL Uncaught Error: Call to undefined function get_related_custom() in C:\OpenServer\domains\localhost\final-wayup\wp-content\themes\womazing\woocommerce\content-single-product.php:152
Stack trace:
#0 C:\OpenServer\domains\localhost\final-wayup\wp-includes\template.php(772): require()
#1 C:\OpenServer\domains\localhost\final-wayup\wp-content\plugins\woocommerce\includes\wc-core-functions.php(284): load_template()
#2 C:\OpenServer\domains\localhost\final-wayup\wp-content\plugins\woocommerce\templates\single-product.php(37): wc_get_template_part()
#3 C:\OpenServer\domains\localhost\final-wayup\wp-includes\template-loader.php(106): include('C:\\OpenServer\\d...')
#4 C:\OpenServer\domains\localhost\final-wayup\wp-blog-header.php(19): require_once('C:\\OpenServer\\d...')
#5 C:\OpenServer\domains\localhost\final-wayup\index.php(17): require('C:\\OpenServer\\d...')
#6 {main}
  thrown в C:\OpenServer\domains\localhost\final-wayup\wp-content\themes\womazing\woocommerce\content-single-product.php на строке 152

2022-03-28T23:09:32+00:00 CRITICAL Uncaught Error: Call to undefined function get_related_custom() in C:\OpenServer\domains\localhost\final-wayup\wp-content\themes\womazing\woocommerce\content-single-product.php:152
Stack trace:
#0 C:\OpenServer\domains\localhost\final-wayup\wp-includes\template.php(772): require()
#1 C:\OpenServer\domains\localhost\final-wayup\wp-content\plugins\woocommerce\includes\wc-core-functions.php(284): load_template()
#2 C:\OpenServer\domains\localhost\final-wayup\wp-content\plugins\woocommerce\templates\single-product.php(37): wc_get_template_part()
#3 C:\OpenServer\domains\localhost\final-wayup\wp-includes\template-loader.php(106): include('C:\\OpenServer\\d...')
#4 C:\OpenServer\domains\localhost\final-wayup\wp-blog-header.php(19): require_once('C:\\OpenServer\\d...')
#5 C:\OpenServer\domains\localhost\final-wayup\index.php(17): require('C:\\OpenServer\\d...')
#6 {main}
  thrown в C:\OpenServer\domains\localhost\final-wayup\wp-content\themes\womazing\woocommerce\content-single-product.php на строке 152

